2026-05-26 16:54:56.999 [restartedMain] INFO  c.b.p.PocketTrackApplication.logStarting - Starting PocketTrackApplication v1.0.0 using Java 23.0.1 with PID 3004 (C:\Users\ivang\Desktop\Acceso_A_Datos\Acceso A Datos\SpringBoot\pocketTrack\target\classes started by ivang in C:\Users\ivang\Desktop\Acceso_A_Datos\Acceso A Datos\SpringBoot\pocketTrack)
2026-05-26 16:54:57.003 [restartedMain] INFO  c.b.p.PocketTrackApplication.logStartupProfileInfo - The following 1 profile is active: "dev"
2026-05-26 16:54:57.042 [restartedMain] INFO  o.s.b.d.e.DevToolsPropertyDefaultsPostProcessor.log - Devtools property defaults active! Set 'spring.devtools.add-properties' to 'false' to disable
2026-05-26 16:54:57.042 [restartedMain] INFO  o.s.b.d.e.DevToolsPropertyDefaultsPostProcessor.log - For additional web related logging consider setting the 'logging.level.web' property to 'DEBUG'
2026-05-26 16:54:58.128 [restartedMain] INFO  o.s.d.r.c.RepositoryConfigurationDelegate.registerRepositoriesIn - Bootstrapping Spring Data JPA repositories in DEFAULT mode.
2026-05-26 16:54:58.176 [restartedMain] INFO  o.s.d.r.c.RepositoryConfigurationDelegate.registerRepositoriesIn - Finished Spring Data repository scanning in 41 ms. Found 4 JPA repository interfaces.
2026-05-26 16:54:58.681 [restartedMain] INFO  o.s.b.w.e.tomcat.TomcatWebServer.initialize - Tomcat initialized with port 8080 (http)
2026-05-26 16:54:58.693 [restartedMain] INFO  o.a.catalina.core.StandardService.log - Starting service [Tomcat]
2026-05-26 16:54:58.693 [restartedMain] INFO  o.a.catalina.core.StandardEngine.log - Starting Servlet engine: [Apache Tomcat/10.1.48]
2026-05-26 16:54:58.731 [restartedMain] INFO  o.a.c.c.C.[Tomcat].[localhost].[/].log - Initializing Spring embedded WebApplicationContext
2026-05-26 16:54:58.731 [restartedMain] INFO  o.s.b.w.s.c.ServletWebServerApplicationContext.prepareWebApplicationContext - Root WebApplicationContext: initialization completed in 1689 ms
2026-05-26 16:54:58.840 [restartedMain] WARN  o.s.b.a.o.j.JpaBaseConfiguration$JpaWebConfiguration.openEntityManagerInViewInterceptor - spring.jpa.open-in-view is enabled by default. Therefore, database queries may be performed during view rendering. Explicitly configure spring.jpa.open-in-view to disable this warning
2026-05-26 16:54:58.980 [restartedMain] INFO  com.zaxxer.hikari.HikariDataSource.getConnection - HikariPool-1 - Starting...
2026-05-26 16:54:59.050 [restartedMain] INFO  com.zaxxer.hikari.pool.HikariPool.checkFailFast - HikariPool-1 - Added connection org.mariadb.jdbc.Connection@423d1333
2026-05-26 16:54:59.051 [restartedMain] INFO  com.zaxxer.hikari.HikariDataSource.getConnection - HikariPool-1 - Start completed.
2026-05-26 16:54:59.068 [restartedMain] WARN  o.m.jdbc.message.server.ErrorPacket.warn - Error: 1193-HY000: Unknown system variable 'WSREP_ON'
2026-05-26 16:54:59.092 [restartedMain] INFO  org.flywaydb.core.FlywayExecutor.info - Database: jdbc:mariadb://localhost:3307/pocketTrack?user=Ivan&password=******** (MariaDB 10.11)
2026-05-26 16:54:59.120 [restartedMain] INFO  o.f.c.i.s.JdbcTableSchemaHistory.info - Repair of failed migration in Schema History table `pockettrack`.`flyway_schema_history` not necessary. No failed migration detected.
2026-05-26 16:54:59.136 [restartedMain] INFO  o.f.core.internal.command.DbRepair.info - Successfully repaired schema history table `pockettrack`.`flyway_schema_history` (execution time 00:00.027s).
2026-05-26 16:54:59.142 [restartedMain] WARN  o.m.jdbc.message.server.ErrorPacket.warn - Error: 1193-HY000: Unknown system variable 'WSREP_ON'
2026-05-26 16:54:59.197 [restartedMain] INFO  o.f.core.internal.command.DbValidate.info - Successfully validated 1 migration (execution time 00:00.003s)
2026-05-26 16:54:59.205 [restartedMain] INFO  o.f.core.internal.command.DbMigrate.info - Current version of schema `pockettrack`: 240520261903
2026-05-26 16:54:59.209 [restartedMain] INFO  o.f.core.internal.command.DbMigrate.info - Schema `pockettrack` is up to date. No migration necessary.
2026-05-26 16:54:59.212 [restartedMain] WARN  o.m.jdbc.message.server.ErrorPacket.warn - Error: 1193-HY000: Unknown system variable 'WSREP_ON'
2026-05-26 16:54:59.223 [restartedMain] INFO  o.f.core.internal.command.DbValidate.info - Successfully validated 1 migration (execution time 00:00.003s)
2026-05-26 16:54:59.227 [restartedMain] INFO  o.f.core.internal.command.DbMigrate.info - Current version of schema `pockettrack`: 240520261903
2026-05-26 16:54:59.228 [restartedMain] INFO  o.f.core.internal.command.DbMigrate.info - Schema `pockettrack` is up to date. No migration necessary.
2026-05-26 16:54:59.295 [restartedMain] INFO  o.h.jpa.internal.util.LogHelper.logPersistenceUnitInformation - HHH000204: Processing PersistenceUnitInfo [name: default]
2026-05-26 16:54:59.347 [restartedMain] INFO  org.hibernate.Version.logVersion - HHH000412: Hibernate ORM core version 6.6.33.Final
2026-05-26 16:54:59.378 [restartedMain] INFO  o.h.c.i.RegionFactoryInitiator.initiateService - HHH000026: Second-level cache disabled
2026-05-26 16:54:59.604 [restartedMain] INFO  o.s.o.j.p.SpringPersistenceUnitInfo.addTransformer - No LoadTimeWeaver setup: ignoring JPA class transformer
2026-05-26 16:54:59.663 [restartedMain] INFO  o.hibernate.orm.connections.pooling.logConnectionInfo - HHH10001005: Database info:
	Database JDBC URL [Connecting through datasource 'HikariDataSource (HikariPool-1)']
	Database driver: undefined/unknown
	Database version: 10.11.10
	Autocommit mode: undefined/unknown
	Isolation level: undefined/unknown
	Minimum pool size: undefined/unknown
	Maximum pool size: undefined/unknown
2026-05-26 16:55:00.415 [restartedMain] INFO  o.h.e.t.j.p.i.JtaPlatformInitiator.initiateService - HHH000489: No JTA platform available (set 'hibernate.transaction.jta.platform' to enable JTA platform integration)
2026-05-26 16:55:00.466 [restartedMain] INFO  o.s.o.j.LocalContainerEntityManagerFactoryBean.buildNativeEntityManagerFactory - Initialized JPA EntityManagerFactory for persistence unit 'default'
2026-05-26 16:55:00.739 [restartedMain] INFO  o.s.d.j.r.query.QueryEnhancerFactory.<clinit> - Hibernate is in classpath; If applicable, HQL parser will be used.
2026-05-26 16:55:01.323 [restartedMain] INFO  o.s.s.c.a.a.c.InitializeAuthenticationProviderBeanManagerConfigurer$InitializeAuthenticationProviderManagerConfigurer.configure - Global AuthenticationManager configured with AuthenticationProvider bean with name authenticationProvider
2026-05-26 16:55:01.324 [restartedMain] WARN  o.s.s.c.a.a.c.InitializeUserDetailsBeanManagerConfigurer$InitializeUserDetailsManagerConfigurer.configure - Global AuthenticationManager configured with an AuthenticationProvider bean. UserDetailsService beans will not be used by Spring Security for automatically configuring username/password login. Consider removing the AuthenticationProvider bean. Alternatively, consider using the UserDetailsService in a manually instantiated DaoAuthenticationProvider. If the current configuration is intentional, to turn off this warning, increase the logging level of 'org.springframework.security.config.annotation.authentication.configuration.InitializeUserDetailsBeanManagerConfigurer' to ERROR
2026-05-26 16:55:01.836 [restartedMain] INFO  o.s.b.d.a.OptionalLiveReloadServer.startServer - LiveReload server is running on port 35729
2026-05-26 16:55:01.866 [restartedMain] INFO  o.s.b.w.e.tomcat.TomcatWebServer.start - Tomcat started on port 8080 (http) with context path '/'
2026-05-26 16:55:01.872 [restartedMain] INFO  c.b.p.PocketTrackApplication.logStarted - Started PocketTrackApplication in 5.32 seconds (process running for 6.767)
2026-05-26 16:55:01.874 [restartedMain] WARN  o.s.c.events.SpringDocAppInitializer.init - SpringDoc /v3/api-docs endpoint is enabled by default. To disable it in production, set the property 'springdoc.api-docs.enabled=false'
2026-05-26 16:55:01.874 [restartedMain] WARN  o.s.c.events.SpringDocAppInitializer.init - SpringDoc /swagger-ui.html endpoint is enabled by default. To disable it in production, set the property 'springdoc.swagger-ui.enabled=false'
2026-05-26 16:55:11.583 [http-nio-8080-exec-1] INFO  o.a.c.c.C.[Tomcat].[localhost].[/].log - Initializing Spring DispatcherServlet 'dispatcherServlet'
2026-05-26 16:55:11.583 [http-nio-8080-exec-1] INFO  o.s.web.servlet.DispatcherServlet.initServletBean - Initializing Servlet 'dispatcherServlet'
2026-05-26 16:55:11.588 [http-nio-8080-exec-1] INFO  o.s.web.servlet.DispatcherServlet.initServletBean - Completed initialization in 2 ms
2026-05-26 16:55:13.608 [http-nio-8080-exec-4] INFO  o.s.api.AbstractOpenApiResource.getOpenApi - Init duration for springdoc-openapi is: 1598 ms
2026-05-26 16:56:23.856 [http-nio-8080-exec-8] INFO  c.b.p.controller.PocketController.crearCuenta - Cuenta creada
2026-05-26 16:57:18.560 [SpringApplicationShutdownHook] INFO  o.s.b.w.e.tomcat.GracefulShutdown.shutDownGracefully - Commencing graceful shutdown. Waiting for active requests to complete
2026-05-26 16:57:18.574 [tomcat-shutdown] INFO  o.s.b.w.e.tomcat.GracefulShutdown.doShutdown - Graceful shutdown complete
2026-05-26 16:57:18.578 [SpringApplicationShutdownHook] INFO  o.s.o.j.LocalContainerEntityManagerFactoryBean.destroy - Closing JPA EntityManagerFactory for persistence unit 'default'
2026-05-26 16:57:18.580 [SpringApplicationShutdownHook] INFO  com.zaxxer.hikari.HikariDataSource.close - HikariPool-1 - Shutdown initiated...
2026-05-26 16:57:18.582 [SpringApplicationShutdownHook] INFO  com.zaxxer.hikari.HikariDataSource.close - HikariPool-1 - Shutdown completed.
2026-05-26 17:13:27.392 [restartedMain] INFO  c.b.p.PocketTrackApplication.logStarting - Starting PocketTrackApplication v1.0.0 using Java 23.0.1 with PID 7024 (C:\Users\ivang\Desktop\Acceso_A_Datos\Acceso A Datos\SpringBoot\pocketTrack\target\classes started by ivang in C:\Users\ivang\Desktop\Acceso_A_Datos\Acceso A Datos\SpringBoot\pocketTrack)
2026-05-26 17:13:27.394 [restartedMain] INFO  c.b.p.PocketTrackApplication.logStartupProfileInfo - The following 1 profile is active: "dev"
2026-05-26 17:13:27.433 [restartedMain] INFO  o.s.b.d.e.DevToolsPropertyDefaultsPostProcessor.log - Devtools property defaults active! Set 'spring.devtools.add-properties' to 'false' to disable
2026-05-26 17:13:27.433 [restartedMain] INFO  o.s.b.d.e.DevToolsPropertyDefaultsPostProcessor.log - For additional web related logging consider setting the 'logging.level.web' property to 'DEBUG'
2026-05-26 17:13:29.915 [restartedMain] INFO  o.s.d.r.c.RepositoryConfigurationDelegate.registerRepositoriesIn - Bootstrapping Spring Data JPA repositories in DEFAULT mode.
2026-05-26 17:13:29.956 [restartedMain] INFO  o.s.d.r.c.RepositoryConfigurationDelegate.registerRepositoriesIn - Finished Spring Data repository scanning in 35 ms. Found 4 JPA repository interfaces.
2026-05-26 17:13:30.339 [restartedMain] INFO  o.s.b.w.e.tomcat.TomcatWebServer.initialize - Tomcat initialized with port 8080 (http)
2026-05-26 17:13:30.348 [restartedMain] INFO  o.a.catalina.core.StandardService.log - Starting service [Tomcat]
2026-05-26 17:13:30.348 [restartedMain] INFO  o.a.catalina.core.StandardEngine.log - Starting Servlet engine: [Apache Tomcat/10.1.48]
2026-05-26 17:13:30.380 [restartedMain] INFO  o.a.c.c.C.[Tomcat].[localhost].[/].log - Initializing Spring embedded WebApplicationContext
2026-05-26 17:13:30.380 [restartedMain] INFO  o.s.b.w.s.c.ServletWebServerApplicationContext.prepareWebApplicationContext - Root WebApplicationContext: initialization completed in 2946 ms
2026-05-26 17:13:30.462 [restartedMain] WARN  o.s.b.a.o.j.JpaBaseConfiguration$JpaWebConfiguration.openEntityManagerInViewInterceptor - spring.jpa.open-in-view is enabled by default. Therefore, database queries may be performed during view rendering. Explicitly configure spring.jpa.open-in-view to disable this warning
2026-05-26 17:13:30.581 [restartedMain] INFO  com.zaxxer.hikari.HikariDataSource.getConnection - HikariPool-1 - Starting...
2026-05-26 17:13:30.635 [restartedMain] INFO  com.zaxxer.hikari.pool.HikariPool.checkFailFast - HikariPool-1 - Added connection org.mariadb.jdbc.Connection@2946cde7
2026-05-26 17:13:30.636 [restartedMain] INFO  com.zaxxer.hikari.HikariDataSource.getConnection - HikariPool-1 - Start completed.
2026-05-26 17:13:30.651 [restartedMain] WARN  o.m.jdbc.message.server.ErrorPacket.warn - Error: 1193-HY000: Unknown system variable 'WSREP_ON'
2026-05-26 17:13:30.670 [restartedMain] INFO  org.flywaydb.core.FlywayExecutor.info - Database: jdbc:mariadb://localhost:3307/pocketTrack?user=Ivan&password=******** (MariaDB 10.11)
2026-05-26 17:13:30.691 [restartedMain] INFO  o.f.c.i.s.JdbcTableSchemaHistory.info - Repair of failed migration in Schema History table `pockettrack`.`flyway_schema_history` not necessary. No failed migration detected.
2026-05-26 17:13:30.705 [restartedMain] INFO  o.f.core.internal.command.DbRepair.info - Successfully repaired schema history table `pockettrack`.`flyway_schema_history` (execution time 00:00.022s).
2026-05-26 17:13:30.710 [restartedMain] WARN  o.m.jdbc.message.server.ErrorPacket.warn - Error: 1193-HY000: Unknown system variable 'WSREP_ON'
2026-05-26 17:13:30.720 [restartedMain] INFO  o.f.core.internal.command.DbValidate.info - Successfully validated 1 migration (execution time 00:00.002s)
2026-05-26 17:13:30.725 [restartedMain] INFO  o.f.core.internal.command.DbMigrate.info - Current version of schema `pockettrack`: 240520261903
2026-05-26 17:13:30.727 [restartedMain] INFO  o.f.core.internal.command.DbMigrate.info - Schema `pockettrack` is up to date. No migration necessary.
2026-05-26 17:13:30.730 [restartedMain] WARN  o.m.jdbc.message.server.ErrorPacket.warn - Error: 1193-HY000: Unknown system variable 'WSREP_ON'
2026-05-26 17:13:30.737 [restartedMain] INFO  o.f.core.internal.command.DbValidate.info - Successfully validated 1 migration (execution time 00:00.002s)
2026-05-26 17:13:30.740 [restartedMain] INFO  o.f.core.internal.command.DbMigrate.info - Current version of schema `pockettrack`: 240520261903
2026-05-26 17:13:30.740 [restartedMain] INFO  o.f.core.internal.command.DbMigrate.info - Schema `pockettrack` is up to date. No migration necessary.
2026-05-26 17:13:30.790 [restartedMain] INFO  o.h.jpa.internal.util.LogHelper.logPersistenceUnitInformation - HHH000204: Processing PersistenceUnitInfo [name: default]
2026-05-26 17:13:30.824 [restartedMain] INFO  org.hibernate.Version.logVersion - HHH000412: Hibernate ORM core version 6.6.33.Final
2026-05-26 17:13:30.848 [restartedMain] INFO  o.h.c.i.RegionFactoryInitiator.initiateService - HHH000026: Second-level cache disabled
2026-05-26 17:13:31.023 [restartedMain] INFO  o.s.o.j.p.SpringPersistenceUnitInfo.addTransformer - No LoadTimeWeaver setup: ignoring JPA class transformer
2026-05-26 17:13:31.068 [restartedMain] INFO  o.hibernate.orm.connections.pooling.logConnectionInfo - HHH10001005: Database info:
	Database JDBC URL [Connecting through datasource 'HikariDataSource (HikariPool-1)']
	Database driver: undefined/unknown
	Database version: 10.11.10
	Autocommit mode: undefined/unknown
	Isolation level: undefined/unknown
	Minimum pool size: undefined/unknown
	Maximum pool size: undefined/unknown
2026-05-26 17:13:31.673 [restartedMain] INFO  o.h.e.t.j.p.i.JtaPlatformInitiator.initiateService - HHH000489: No JTA platform available (set 'hibernate.transaction.jta.platform' to enable JTA platform integration)
2026-05-26 17:13:31.727 [restartedMain] INFO  o.s.o.j.LocalContainerEntityManagerFactoryBean.buildNativeEntityManagerFactory - Initialized JPA EntityManagerFactory for persistence unit 'default'
2026-05-26 17:13:31.959 [restartedMain] INFO  o.s.d.j.r.query.QueryEnhancerFactory.<clinit> - Hibernate is in classpath; If applicable, HQL parser will be used.
2026-05-26 17:13:32.482 [restartedMain] INFO  o.s.s.c.a.a.c.InitializeAuthenticationProviderBeanManagerConfigurer$InitializeAuthenticationProviderManagerConfigurer.configure - Global AuthenticationManager configured with AuthenticationProvider bean with name authenticationProvider
2026-05-26 17:13:32.482 [restartedMain] WARN  o.s.s.c.a.a.c.InitializeUserDetailsBeanManagerConfigurer$InitializeUserDetailsManagerConfigurer.configure - Global AuthenticationManager configured with an AuthenticationProvider bean. UserDetailsService beans will not be used by Spring Security for automatically configuring username/password login. Consider removing the AuthenticationProvider bean. Alternatively, consider using the UserDetailsService in a manually instantiated DaoAuthenticationProvider. If the current configuration is intentional, to turn off this warning, increase the logging level of 'org.springframework.security.config.annotation.authentication.configuration.InitializeUserDetailsBeanManagerConfigurer' to ERROR
2026-05-26 17:13:32.993 [restartedMain] INFO  o.s.b.d.a.OptionalLiveReloadServer.startServer - LiveReload server is running on port 35729
2026-05-26 17:13:33.021 [restartedMain] INFO  o.s.b.w.e.tomcat.TomcatWebServer.start - Tomcat started on port 8080 (http) with context path '/'
2026-05-26 17:13:33.026 [restartedMain] INFO  c.b.p.PocketTrackApplication.logStarted - Started PocketTrackApplication in 6.11 seconds (process running for 7.439)
2026-05-26 17:13:33.028 [restartedMain] WARN  o.s.c.events.SpringDocAppInitializer.init - SpringDoc /v3/api-docs endpoint is enabled by default. To disable it in production, set the property 'springdoc.api-docs.enabled=false'
2026-05-26 17:13:33.029 [restartedMain] WARN  o.s.c.events.SpringDocAppInitializer.init - SpringDoc /swagger-ui.html endpoint is enabled by default. To disable it in production, set the property 'springdoc.swagger-ui.enabled=false'
2026-05-26 17:13:37.439 [SpringApplicationShutdownHook] INFO  o.s.b.w.e.tomcat.GracefulShutdown.shutDownGracefully - Commencing graceful shutdown. Waiting for active requests to complete
2026-05-26 17:13:37.454 [tomcat-shutdown] INFO  o.s.b.w.e.tomcat.GracefulShutdown.doShutdown - Graceful shutdown complete
2026-05-26 17:13:37.458 [SpringApplicationShutdownHook] INFO  o.s.o.j.LocalContainerEntityManagerFactoryBean.destroy - Closing JPA EntityManagerFactory for persistence unit 'default'
2026-05-26 17:13:37.460 [SpringApplicationShutdownHook] INFO  com.zaxxer.hikari.HikariDataSource.close - HikariPool-1 - Shutdown initiated...
2026-05-26 17:13:37.462 [SpringApplicationShutdownHook] INFO  com.zaxxer.hikari.HikariDataSource.close - HikariPool-1 - Shutdown completed.
2026-05-26 18:12:24.047 [restartedMain] INFO  c.b.p.PocketTrackApplication.logStarting - Starting PocketTrackApplication v1.0.0 using Java 23.0.1 with PID 21644 (C:\Users\ivang\Desktop\Acceso_A_Datos\Acceso A Datos\SpringBoot\pocketTrack\target\classes started by ivang in C:\Users\ivang\Desktop\Acceso_A_Datos\Acceso A Datos\SpringBoot\pocketTrack)
2026-05-26 18:12:24.048 [restartedMain] INFO  c.b.p.PocketTrackApplication.logStartupProfileInfo - The following 1 profile is active: "dev"
2026-05-26 18:12:24.085 [restartedMain] INFO  o.s.b.d.e.DevToolsPropertyDefaultsPostProcessor.log - Devtools property defaults active! Set 'spring.devtools.add-properties' to 'false' to disable
2026-05-26 18:12:24.086 [restartedMain] INFO  o.s.b.d.e.DevToolsPropertyDefaultsPostProcessor.log - For additional web related logging consider setting the 'logging.level.web' property to 'DEBUG'
2026-05-26 18:12:24.898 [restartedMain] INFO  o.s.d.r.c.RepositoryConfigurationDelegate.registerRepositoriesIn - Bootstrapping Spring Data JPA repositories in DEFAULT mode.
2026-05-26 18:12:24.944 [restartedMain] INFO  o.s.d.r.c.RepositoryConfigurationDelegate.registerRepositoriesIn - Finished Spring Data repository scanning in 39 ms. Found 4 JPA repository interfaces.
2026-05-26 18:12:25.384 [restartedMain] INFO  o.s.b.w.e.tomcat.TomcatWebServer.initialize - Tomcat initialized with port 8080 (http)
2026-05-26 18:12:25.395 [restartedMain] INFO  o.a.catalina.core.StandardService.log - Starting service [Tomcat]
2026-05-26 18:12:25.395 [restartedMain] INFO  o.a.catalina.core.StandardEngine.log - Starting Servlet engine: [Apache Tomcat/10.1.48]
2026-05-26 18:12:25.430 [restartedMain] INFO  o.a.c.c.C.[Tomcat].[localhost].[/].log - Initializing Spring embedded WebApplicationContext
2026-05-26 18:12:25.430 [restartedMain] INFO  o.s.b.w.s.c.ServletWebServerApplicationContext.prepareWebApplicationContext - Root WebApplicationContext: initialization completed in 1344 ms
2026-05-26 18:12:25.524 [restartedMain] WARN  o.s.b.a.o.j.JpaBaseConfiguration$JpaWebConfiguration.openEntityManagerInViewInterceptor - spring.jpa.open-in-view is enabled by default. Therefore, database queries may be performed during view rendering. Explicitly configure spring.jpa.open-in-view to disable this warning
2026-05-26 18:12:25.655 [restartedMain] INFO  com.zaxxer.hikari.HikariDataSource.getConnection - HikariPool-1 - Starting...
2026-05-26 18:12:25.711 [restartedMain] INFO  com.zaxxer.hikari.pool.HikariPool.checkFailFast - HikariPool-1 - Added connection org.mariadb.jdbc.Connection@2eca98ba
2026-05-26 18:12:25.713 [restartedMain] INFO  com.zaxxer.hikari.HikariDataSource.getConnection - HikariPool-1 - Start completed.
2026-05-26 18:12:25.730 [restartedMain] WARN  o.m.jdbc.message.server.ErrorPacket.warn - Error: 1193-HY000: Unknown system variable 'WSREP_ON'
2026-05-26 18:12:25.762 [restartedMain] INFO  org.flywaydb.core.FlywayExecutor.info - Database: jdbc:mariadb://localhost:3307/pocketTrack?user=Ivan&password=******** (MariaDB 10.11)
2026-05-26 18:12:25.791 [restartedMain] INFO  o.f.c.i.s.JdbcTableSchemaHistory.info - Repair of failed migration in Schema History table `pockettrack`.`flyway_schema_history` not necessary. No failed migration detected.
2026-05-26 18:12:25.802 [restartedMain] INFO  o.f.core.internal.command.DbRepair.info - Successfully repaired schema history table `pockettrack`.`flyway_schema_history` (execution time 00:00.023s).
2026-05-26 18:12:25.806 [restartedMain] WARN  o.m.jdbc.message.server.ErrorPacket.warn - Error: 1193-HY000: Unknown system variable 'WSREP_ON'
2026-05-26 18:12:25.815 [restartedMain] INFO  o.f.core.internal.command.DbValidate.info - Successfully validated 1 migration (execution time 00:00.002s)
2026-05-26 18:12:25.821 [restartedMain] INFO  o.f.core.internal.command.DbMigrate.info - Current version of schema `pockettrack`: 240520261903
2026-05-26 18:12:25.823 [restartedMain] INFO  o.f.core.internal.command.DbMigrate.info - Schema `pockettrack` is up to date. No migration necessary.
2026-05-26 18:12:25.826 [restartedMain] WARN  o.m.jdbc.message.server.ErrorPacket.warn - Error: 1193-HY000: Unknown system variable 'WSREP_ON'
2026-05-26 18:12:25.834 [restartedMain] INFO  o.f.core.internal.command.DbValidate.info - Successfully validated 1 migration (execution time 00:00.001s)
2026-05-26 18:12:25.837 [restartedMain] INFO  o.f.core.internal.command.DbMigrate.info - Current version of schema `pockettrack`: 240520261903
2026-05-26 18:12:25.837 [restartedMain] INFO  o.f.core.internal.command.DbMigrate.info - Schema `pockettrack` is up to date. No migration necessary.
2026-05-26 18:12:25.887 [restartedMain] INFO  o.h.jpa.internal.util.LogHelper.logPersistenceUnitInformation - HHH000204: Processing PersistenceUnitInfo [name: default]
2026-05-26 18:12:25.921 [restartedMain] INFO  org.hibernate.Version.logVersion - HHH000412: Hibernate ORM core version 6.6.33.Final
2026-05-26 18:12:25.942 [restartedMain] INFO  o.h.c.i.RegionFactoryInitiator.initiateService - HHH000026: Second-level cache disabled
2026-05-26 18:12:26.114 [restartedMain] INFO  o.s.o.j.p.SpringPersistenceUnitInfo.addTransformer - No LoadTimeWeaver setup: ignoring JPA class transformer
2026-05-26 18:12:26.160 [restartedMain] INFO  o.hibernate.orm.connections.pooling.logConnectionInfo - HHH10001005: Database info:
	Database JDBC URL [Connecting through datasource 'HikariDataSource (HikariPool-1)']
	Database driver: undefined/unknown
	Database version: 10.11.10
	Autocommit mode: undefined/unknown
	Isolation level: undefined/unknown
	Minimum pool size: undefined/unknown
	Maximum pool size: undefined/unknown
2026-05-26 18:12:26.771 [restartedMain] INFO  o.h.e.t.j.p.i.JtaPlatformInitiator.initiateService - HHH000489: No JTA platform available (set 'hibernate.transaction.jta.platform' to enable JTA platform integration)
2026-05-26 18:12:26.843 [restartedMain] INFO  o.s.o.j.LocalContainerEntityManagerFactoryBean.buildNativeEntityManagerFactory - Initialized JPA EntityManagerFactory for persistence unit 'default'
2026-05-26 18:12:27.093 [restartedMain] INFO  o.s.d.j.r.query.QueryEnhancerFactory.<clinit> - Hibernate is in classpath; If applicable, HQL parser will be used.
2026-05-26 18:12:27.675 [restartedMain] INFO  o.s.s.c.a.a.c.InitializeAuthenticationProviderBeanManagerConfigurer$InitializeAuthenticationProviderManagerConfigurer.configure - Global AuthenticationManager configured with AuthenticationProvider bean with name authenticationProvider
2026-05-26 18:12:27.676 [restartedMain] WARN  o.s.s.c.a.a.c.InitializeUserDetailsBeanManagerConfigurer$InitializeUserDetailsManagerConfigurer.configure - Global AuthenticationManager configured with an AuthenticationProvider bean. UserDetailsService beans will not be used by Spring Security for automatically configuring username/password login. Consider removing the AuthenticationProvider bean. Alternatively, consider using the UserDetailsService in a manually instantiated DaoAuthenticationProvider. If the current configuration is intentional, to turn off this warning, increase the logging level of 'org.springframework.security.config.annotation.authentication.configuration.InitializeUserDetailsBeanManagerConfigurer' to ERROR
2026-05-26 18:12:28.188 [restartedMain] INFO  o.s.b.d.a.OptionalLiveReloadServer.startServer - LiveReload server is running on port 35729
2026-05-26 18:12:28.219 [restartedMain] INFO  o.s.b.w.e.tomcat.TomcatWebServer.start - Tomcat started on port 8080 (http) with context path '/'
2026-05-26 18:12:28.225 [restartedMain] INFO  c.b.p.PocketTrackApplication.logStarted - Started PocketTrackApplication in 4.542 seconds (process running for 5.0)
2026-05-26 18:12:28.228 [restartedMain] WARN  o.s.c.events.SpringDocAppInitializer.init - SpringDoc /v3/api-docs endpoint is enabled by default. To disable it in production, set the property 'springdoc.api-docs.enabled=false'
2026-05-26 18:12:28.228 [restartedMain] WARN  o.s.c.events.SpringDocAppInitializer.init - SpringDoc /swagger-ui.html endpoint is enabled by default. To disable it in production, set the property 'springdoc.swagger-ui.enabled=false'
2026-05-26 18:12:32.024 [http-nio-8080-exec-1] INFO  o.a.c.c.C.[Tomcat].[localhost].[/].log - Initializing Spring DispatcherServlet 'dispatcherServlet'
2026-05-26 18:12:32.025 [http-nio-8080-exec-1] INFO  o.s.web.servlet.DispatcherServlet.initServletBean - Initializing Servlet 'dispatcherServlet'
2026-05-26 18:12:32.030 [http-nio-8080-exec-1] INFO  o.s.web.servlet.DispatcherServlet.initServletBean - Completed initialization in 4 ms
2026-05-26 18:12:33.733 [http-nio-8080-exec-5] INFO  o.s.api.AbstractOpenApiResource.getOpenApi - Init duration for springdoc-openapi is: 1326 ms
2026-05-26 18:14:37.794 [http-nio-8080-exec-10] ERROR c.b.p.c.security.JwtAccessDenied.handle - Unauthorized error: Access Denied
2026-05-26 18:15:59.553 [SpringApplicationShutdownHook] INFO  o.s.b.w.e.tomcat.GracefulShutdown.shutDownGracefully - Commencing graceful shutdown. Waiting for active requests to complete
2026-05-26 18:15:59.566 [tomcat-shutdown] INFO  o.s.b.w.e.tomcat.GracefulShutdown.doShutdown - Graceful shutdown complete
2026-05-26 18:15:59.570 [SpringApplicationShutdownHook] INFO  o.s.o.j.LocalContainerEntityManagerFactoryBean.destroy - Closing JPA EntityManagerFactory for persistence unit 'default'
2026-05-26 18:15:59.572 [SpringApplicationShutdownHook] INFO  com.zaxxer.hikari.HikariDataSource.close - HikariPool-1 - Shutdown initiated...
2026-05-26 18:15:59.574 [SpringApplicationShutdownHook] INFO  com.zaxxer.hikari.HikariDataSource.close - HikariPool-1 - Shutdown completed.
2026-05-26 18:19:27.758 [restartedMain] INFO  c.b.p.PocketTrackApplication.logStarting - Starting PocketTrackApplication v1.0.0 using Java 23.0.1 with PID 3148 (C:\Users\ivang\Desktop\Acceso_A_Datos\Acceso A Datos\SpringBoot\pocketTrack\target\classes started by ivang in C:\Users\ivang\Desktop\Acceso_A_Datos\Acceso A Datos\SpringBoot\pocketTrack)
2026-05-26 18:19:27.759 [restartedMain] INFO  c.b.p.PocketTrackApplication.logStartupProfileInfo - The following 1 profile is active: "dev"
2026-05-26 18:19:27.794 [restartedMain] INFO  o.s.b.d.e.DevToolsPropertyDefaultsPostProcessor.log - Devtools property defaults active! Set 'spring.devtools.add-properties' to 'false' to disable
2026-05-26 18:19:27.794 [restartedMain] INFO  o.s.b.d.e.DevToolsPropertyDefaultsPostProcessor.log - For additional web related logging consider setting the 'logging.level.web' property to 'DEBUG'
2026-05-26 18:19:28.414 [restartedMain] INFO  o.s.d.r.c.RepositoryConfigurationDelegate.registerRepositoriesIn - Bootstrapping Spring Data JPA repositories in DEFAULT mode.
2026-05-26 18:19:28.460 [restartedMain] INFO  o.s.d.r.c.RepositoryConfigurationDelegate.registerRepositoriesIn - Finished Spring Data repository scanning in 39 ms. Found 4 JPA repository interfaces.
2026-05-26 18:19:28.876 [restartedMain] INFO  o.s.b.w.e.tomcat.TomcatWebServer.initialize - Tomcat initialized with port 8080 (http)
2026-05-26 18:19:28.886 [restartedMain] INFO  o.a.catalina.core.StandardService.log - Starting service [Tomcat]
2026-05-26 18:19:28.886 [restartedMain] INFO  o.a.catalina.core.StandardEngine.log - Starting Servlet engine: [Apache Tomcat/10.1.48]
2026-05-26 18:19:28.918 [restartedMain] INFO  o.a.c.c.C.[Tomcat].[localhost].[/].log - Initializing Spring embedded WebApplicationContext
2026-05-26 18:19:28.918 [restartedMain] INFO  o.s.b.w.s.c.ServletWebServerApplicationContext.prepareWebApplicationContext - Root WebApplicationContext: initialization completed in 1124 ms
2026-05-26 18:19:29.009 [restartedMain] WARN  o.s.b.a.o.j.JpaBaseConfiguration$JpaWebConfiguration.openEntityManagerInViewInterceptor - spring.jpa.open-in-view is enabled by default. Therefore, database queries may be performed during view rendering. Explicitly configure spring.jpa.open-in-view to disable this warning
2026-05-26 18:19:29.133 [restartedMain] INFO  com.zaxxer.hikari.HikariDataSource.getConnection - HikariPool-1 - Starting...
2026-05-26 18:19:29.185 [restartedMain] INFO  com.zaxxer.hikari.pool.HikariPool.checkFailFast - HikariPool-1 - Added connection org.mariadb.jdbc.Connection@5130ec2d
2026-05-26 18:19:29.186 [restartedMain] INFO  com.zaxxer.hikari.HikariDataSource.getConnection - HikariPool-1 - Start completed.
2026-05-26 18:19:29.202 [restartedMain] WARN  o.m.jdbc.message.server.ErrorPacket.warn - Error: 1193-HY000: Unknown system variable 'WSREP_ON'
2026-05-26 18:19:29.221 [restartedMain] INFO  org.flywaydb.core.FlywayExecutor.info - Database: jdbc:mariadb://localhost:3307/pocketTrack?user=Ivan&password=******** (MariaDB 10.11)
2026-05-26 18:19:29.243 [restartedMain] INFO  o.f.c.i.s.JdbcTableSchemaHistory.info - Repair of failed migration in Schema History table `pockettrack`.`flyway_schema_history` not necessary. No failed migration detected.
2026-05-26 18:19:29.252 [restartedMain] INFO  o.f.core.internal.command.DbRepair.info - Successfully repaired schema history table `pockettrack`.`flyway_schema_history` (execution time 00:00.016s).
2026-05-26 18:19:29.257 [restartedMain] WARN  o.m.jdbc.message.server.ErrorPacket.warn - Error: 1193-HY000: Unknown system variable 'WSREP_ON'
2026-05-26 18:19:29.278 [restartedMain] INFO  o.f.core.internal.command.DbValidate.info - Successfully validated 1 migration (execution time 00:00.003s)
2026-05-26 18:19:29.283 [restartedMain] INFO  o.f.core.internal.command.DbMigrate.info - Current version of schema `pockettrack`: 240520261903
2026-05-26 18:19:29.285 [restartedMain] INFO  o.f.core.internal.command.DbMigrate.info - Schema `pockettrack` is up to date. No migration necessary.
2026-05-26 18:19:29.289 [restartedMain] WARN  o.m.jdbc.message.server.ErrorPacket.warn - Error: 1193-HY000: Unknown system variable 'WSREP_ON'
2026-05-26 18:19:29.298 [restartedMain] INFO  o.f.core.internal.command.DbValidate.info - Successfully validated 1 migration (execution time 00:00.002s)
2026-05-26 18:19:29.301 [restartedMain] INFO  o.f.core.internal.command.DbMigrate.info - Current version of schema `pockettrack`: 240520261903
2026-05-26 18:19:29.301 [restartedMain] INFO  o.f.core.internal.command.DbMigrate.info - Schema `pockettrack` is up to date. No migration necessary.
2026-05-26 18:19:29.351 [restartedMain] INFO  o.h.jpa.internal.util.LogHelper.logPersistenceUnitInformation - HHH000204: Processing PersistenceUnitInfo [name: default]
2026-05-26 18:19:29.388 [restartedMain] INFO  org.hibernate.Version.logVersion - HHH000412: Hibernate ORM core version 6.6.33.Final
2026-05-26 18:19:29.411 [restartedMain] INFO  o.h.c.i.RegionFactoryInitiator.initiateService - HHH000026: Second-level cache disabled
2026-05-26 18:19:29.589 [restartedMain] INFO  o.s.o.j.p.SpringPersistenceUnitInfo.addTransformer - No LoadTimeWeaver setup: ignoring JPA class transformer
2026-05-26 18:19:29.635 [restartedMain] INFO  o.hibernate.orm.connections.pooling.logConnectionInfo - HHH10001005: Database info:
	Database JDBC URL [Connecting through datasource 'HikariDataSource (HikariPool-1)']
	Database driver: undefined/unknown
	Database version: 10.11.10
	Autocommit mode: undefined/unknown
	Isolation level: undefined/unknown
	Minimum pool size: undefined/unknown
	Maximum pool size: undefined/unknown
2026-05-26 18:19:30.263 [restartedMain] INFO  o.h.e.t.j.p.i.JtaPlatformInitiator.initiateService - HHH000489: No JTA platform available (set 'hibernate.transaction.jta.platform' to enable JTA platform integration)
2026-05-26 18:19:30.305 [restartedMain] INFO  o.s.o.j.LocalContainerEntityManagerFactoryBean.buildNativeEntityManagerFactory - Initialized JPA EntityManagerFactory for persistence unit 'default'
2026-05-26 18:19:30.555 [restartedMain] INFO  o.s.d.j.r.query.QueryEnhancerFactory.<clinit> - Hibernate is in classpath; If applicable, HQL parser will be used.
2026-05-26 18:19:31.140 [restartedMain] INFO  o.s.s.c.a.a.c.InitializeAuthenticationProviderBeanManagerConfigurer$InitializeAuthenticationProviderManagerConfigurer.configure - Global AuthenticationManager configured with AuthenticationProvider bean with name authenticationProvider
2026-05-26 18:19:31.140 [restartedMain] WARN  o.s.s.c.a.a.c.InitializeUserDetailsBeanManagerConfigurer$InitializeUserDetailsManagerConfigurer.configure - Global AuthenticationManager configured with an AuthenticationProvider bean. UserDetailsService beans will not be used by Spring Security for automatically configuring username/password login. Consider removing the AuthenticationProvider bean. Alternatively, consider using the UserDetailsService in a manually instantiated DaoAuthenticationProvider. If the current configuration is intentional, to turn off this warning, increase the logging level of 'org.springframework.security.config.annotation.authentication.configuration.InitializeUserDetailsBeanManagerConfigurer' to ERROR
2026-05-26 18:19:31.644 [restartedMain] INFO  o.s.b.d.a.OptionalLiveReloadServer.startServer - LiveReload server is running on port 35729
2026-05-26 18:19:31.684 [restartedMain] INFO  o.s.b.w.e.tomcat.TomcatWebServer.start - Tomcat started on port 8080 (http) with context path '/'
2026-05-26 18:19:31.690 [restartedMain] INFO  c.b.p.PocketTrackApplication.logStarted - Started PocketTrackApplication in 4.286 seconds (process running for 4.704)
2026-05-26 18:19:31.692 [restartedMain] WARN  o.s.c.events.SpringDocAppInitializer.init - SpringDoc /v3/api-docs endpoint is enabled by default. To disable it in production, set the property 'springdoc.api-docs.enabled=false'
2026-05-26 18:19:31.693 [restartedMain] WARN  o.s.c.events.SpringDocAppInitializer.init - SpringDoc /swagger-ui.html endpoint is enabled by default. To disable it in production, set the property 'springdoc.swagger-ui.enabled=false'
2026-05-26 18:19:37.692 [http-nio-8080-exec-1] INFO  o.a.c.c.C.[Tomcat].[localhost].[/].log - Initializing Spring DispatcherServlet 'dispatcherServlet'
2026-05-26 18:19:37.693 [http-nio-8080-exec-1] INFO  o.s.web.servlet.DispatcherServlet.initServletBean - Initializing Servlet 'dispatcherServlet'
2026-05-26 18:19:37.697 [http-nio-8080-exec-1] INFO  o.s.web.servlet.DispatcherServlet.initServletBean - Completed initialization in 3 ms
2026-05-26 18:19:53.317 [http-nio-8080-exec-7] ERROR c.b.p.c.security.JwtAccessDenied.handle - Unauthorized error: Access Denied
2026-05-26 18:20:27.177 [SpringApplicationShutdownHook] INFO  o.s.b.w.e.tomcat.GracefulShutdown.shutDownGracefully - Commencing graceful shutdown. Waiting for active requests to complete
2026-05-26 18:20:27.193 [tomcat-shutdown] INFO  o.s.b.w.e.tomcat.GracefulShutdown.doShutdown - Graceful shutdown complete
2026-05-26 18:20:27.196 [SpringApplicationShutdownHook] INFO  o.s.o.j.LocalContainerEntityManagerFactoryBean.destroy - Closing JPA EntityManagerFactory for persistence unit 'default'
2026-05-26 18:20:27.198 [SpringApplicationShutdownHook] INFO  com.zaxxer.hikari.HikariDataSource.close - HikariPool-1 - Shutdown initiated...
2026-05-26 18:20:27.200 [SpringApplicationShutdownHook] INFO  com.zaxxer.hikari.HikariDataSource.close - HikariPool-1 - Shutdown completed.
2026-05-26 18:21:20.622 [restartedMain] INFO  c.b.p.PocketTrackApplication.logStarting - Starting PocketTrackApplication v1.0.0 using Java 23.0.1 with PID 2364 (C:\Users\ivang\Desktop\Acceso_A_Datos\Acceso A Datos\SpringBoot\pocketTrack\target\classes started by ivang in C:\Users\ivang\Desktop\Acceso_A_Datos\Acceso A Datos\SpringBoot\pocketTrack)
2026-05-26 18:21:20.623 [restartedMain] INFO  c.b.p.PocketTrackApplication.logStartupProfileInfo - The following 1 profile is active: "dev"
2026-05-26 18:21:20.659 [restartedMain] INFO  o.s.b.d.e.DevToolsPropertyDefaultsPostProcessor.log - Devtools property defaults active! Set 'spring.devtools.add-properties' to 'false' to disable
2026-05-26 18:21:20.660 [restartedMain] INFO  o.s.b.d.e.DevToolsPropertyDefaultsPostProcessor.log - For additional web related logging consider setting the 'logging.level.web' property to 'DEBUG'
2026-05-26 18:21:21.260 [restartedMain] INFO  o.s.d.r.c.RepositoryConfigurationDelegate.registerRepositoriesIn - Bootstrapping Spring Data JPA repositories in DEFAULT mode.
2026-05-26 18:21:21.305 [restartedMain] INFO  o.s.d.r.c.RepositoryConfigurationDelegate.registerRepositoriesIn - Finished Spring Data repository scanning in 39 ms. Found 4 JPA repository interfaces.
2026-05-26 18:21:21.761 [restartedMain] INFO  o.s.b.w.e.tomcat.TomcatWebServer.initialize - Tomcat initialized with port 8080 (http)
2026-05-26 18:21:21.772 [restartedMain] INFO  o.a.catalina.core.StandardService.log - Starting service [Tomcat]
2026-05-26 18:21:21.772 [restartedMain] INFO  o.a.catalina.core.StandardEngine.log - Starting Servlet engine: [Apache Tomcat/10.1.48]
2026-05-26 18:21:21.808 [restartedMain] INFO  o.a.c.c.C.[Tomcat].[localhost].[/].log - Initializing Spring embedded WebApplicationContext
2026-05-26 18:21:21.809 [restartedMain] INFO  o.s.b.w.s.c.ServletWebServerApplicationContext.prepareWebApplicationContext - Root WebApplicationContext: initialization completed in 1148 ms
2026-05-26 18:21:21.912 [restartedMain] WARN  o.s.b.a.o.j.JpaBaseConfiguration$JpaWebConfiguration.openEntityManagerInViewInterceptor - spring.jpa.open-in-view is enabled by default. Therefore, database queries may be performed during view rendering. Explicitly configure spring.jpa.open-in-view to disable this warning
2026-05-26 18:21:22.038 [restartedMain] INFO  com.zaxxer.hikari.HikariDataSource.getConnection - HikariPool-1 - Starting...
2026-05-26 18:21:22.093 [restartedMain] INFO  com.zaxxer.hikari.pool.HikariPool.checkFailFast - HikariPool-1 - Added connection org.mariadb.jdbc.Connection@6ffc0822
2026-05-26 18:21:22.094 [restartedMain] INFO  com.zaxxer.hikari.HikariDataSource.getConnection - HikariPool-1 - Start completed.
2026-05-26 18:21:22.110 [restartedMain] WARN  o.m.jdbc.message.server.ErrorPacket.warn - Error: 1193-HY000: Unknown system variable 'WSREP_ON'
2026-05-26 18:21:22.129 [restartedMain] INFO  org.flywaydb.core.FlywayExecutor.info - Database: jdbc:mariadb://localhost:3307/pocketTrack?user=Ivan&password=******** (MariaDB 10.11)
2026-05-26 18:21:22.150 [restartedMain] INFO  o.f.c.i.s.JdbcTableSchemaHistory.info - Repair of failed migration in Schema History table `pockettrack`.`flyway_schema_history` not necessary. No failed migration detected.
2026-05-26 18:21:22.159 [restartedMain] INFO  o.f.core.internal.command.DbRepair.info - Successfully repaired schema history table `pockettrack`.`flyway_schema_history` (execution time 00:00.016s).
2026-05-26 18:21:22.165 [restartedMain] WARN  o.m.jdbc.message.server.ErrorPacket.warn - Error: 1193-HY000: Unknown system variable 'WSREP_ON'
2026-05-26 18:21:22.175 [restartedMain] INFO  o.f.core.internal.command.DbValidate.info - Successfully validated 1 migration (execution time 00:00.003s)
2026-05-26 18:21:22.180 [restartedMain] INFO  o.f.core.internal.command.DbMigrate.info - Current version of schema `pockettrack`: 240520261903
2026-05-26 18:21:22.183 [restartedMain] INFO  o.f.core.internal.command.DbMigrate.info - Schema `pockettrack` is up to date. No migration necessary.
2026-05-26 18:21:22.186 [restartedMain] WARN  o.m.jdbc.message.server.ErrorPacket.warn - Error: 1193-HY000: Unknown system variable 'WSREP_ON'
2026-05-26 18:21:22.194 [restartedMain] INFO  o.f.core.internal.command.DbValidate.info - Successfully validated 1 migration (execution time 00:00.002s)
2026-05-26 18:21:22.197 [restartedMain] INFO  o.f.core.internal.command.DbMigrate.info - Current version of schema `pockettrack`: 240520261903
2026-05-26 18:21:22.198 [restartedMain] INFO  o.f.core.internal.command.DbMigrate.info - Schema `pockettrack` is up to date. No migration necessary.
2026-05-26 18:21:22.254 [restartedMain] INFO  o.h.jpa.internal.util.LogHelper.logPersistenceUnitInformation - HHH000204: Processing PersistenceUnitInfo [name: default]
2026-05-26 18:21:22.287 [restartedMain] INFO  org.hibernate.Version.logVersion - HHH000412: Hibernate ORM core version 6.6.33.Final
2026-05-26 18:21:22.310 [restartedMain] INFO  o.h.c.i.RegionFactoryInitiator.initiateService - HHH000026: Second-level cache disabled
2026-05-26 18:21:22.481 [restartedMain] INFO  o.s.o.j.p.SpringPersistenceUnitInfo.addTransformer - No LoadTimeWeaver setup: ignoring JPA class transformer
2026-05-26 18:21:22.529 [restartedMain] INFO  o.hibernate.orm.connections.pooling.logConnectionInfo - HHH10001005: Database info:
	Database JDBC URL [Connecting through datasource 'HikariDataSource (HikariPool-1)']
	Database driver: undefined/unknown
	Database version: 10.11.10
	Autocommit mode: undefined/unknown
	Isolation level: undefined/unknown
	Minimum pool size: undefined/unknown
	Maximum pool size: undefined/unknown
2026-05-26 18:21:25.577 [restartedMain] INFO  o.h.e.t.j.p.i.JtaPlatformInitiator.initiateService - HHH000489: No JTA platform available (set 'hibernate.transaction.jta.platform' to enable JTA platform integration)
2026-05-26 18:21:25.630 [restartedMain] INFO  o.s.o.j.LocalContainerEntityManagerFactoryBean.buildNativeEntityManagerFactory - Initialized JPA EntityManagerFactory for persistence unit 'default'
2026-05-26 18:21:25.884 [restartedMain] INFO  o.s.d.j.r.query.QueryEnhancerFactory.<clinit> - Hibernate is in classpath; If applicable, HQL parser will be used.
2026-05-26 18:21:26.467 [restartedMain] INFO  o.s.s.c.a.a.c.InitializeAuthenticationProviderBeanManagerConfigurer$InitializeAuthenticationProviderManagerConfigurer.configure - Global AuthenticationManager configured with AuthenticationProvider bean with name authenticationProvider
2026-05-26 18:21:26.468 [restartedMain] WARN  o.s.s.c.a.a.c.InitializeUserDetailsBeanManagerConfigurer$InitializeUserDetailsManagerConfigurer.configure - Global AuthenticationManager configured with an AuthenticationProvider bean. UserDetailsService beans will not be used by Spring Security for automatically configuring username/password login. Consider removing the AuthenticationProvider bean. Alternatively, consider using the UserDetailsService in a manually instantiated DaoAuthenticationProvider. If the current configuration is intentional, to turn off this warning, increase the logging level of 'org.springframework.security.config.annotation.authentication.configuration.InitializeUserDetailsBeanManagerConfigurer' to ERROR
2026-05-26 18:21:26.961 [restartedMain] INFO  o.s.b.d.a.OptionalLiveReloadServer.startServer - LiveReload server is running on port 35729
2026-05-26 18:21:26.992 [restartedMain] INFO  o.s.b.w.e.tomcat.TomcatWebServer.start - Tomcat started on port 8080 (http) with context path '/'
2026-05-26 18:21:26.998 [restartedMain] INFO  c.b.p.PocketTrackApplication.logStarted - Started PocketTrackApplication in 6.729 seconds (process running for 7.153)
2026-05-26 18:21:27.000 [restartedMain] WARN  o.s.c.events.SpringDocAppInitializer.init - SpringDoc /v3/api-docs endpoint is enabled by default. To disable it in production, set the property 'springdoc.api-docs.enabled=false'
2026-05-26 18:21:27.000 [restartedMain] WARN  o.s.c.events.SpringDocAppInitializer.init - SpringDoc /swagger-ui.html endpoint is enabled by default. To disable it in production, set the property 'springdoc.swagger-ui.enabled=false'
2026-05-26 18:21:45.866 [http-nio-8080-exec-1] INFO  o.a.c.c.C.[Tomcat].[localhost].[/].log - Initializing Spring DispatcherServlet 'dispatcherServlet'
2026-05-26 18:21:45.866 [http-nio-8080-exec-1] INFO  o.s.web.servlet.DispatcherServlet.initServletBean - Initializing Servlet 'dispatcherServlet'
2026-05-26 18:21:45.869 [http-nio-8080-exec-1] INFO  o.s.web.servlet.DispatcherServlet.initServletBean - Completed initialization in 2 ms
2026-05-26 18:22:07.937 [http-nio-8080-exec-4] ERROR c.b.p.c.security.JwtAccessDenied.handle - Unauthorized error: Access Denied
2026-05-26 18:22:53.573 [http-nio-8080-exec-6] INFO  c.b.p.controller.PocketController.crearCuenta - Cuenta creada
2026-05-26 18:24:32.114 [http-nio-8080-exec-8] ERROR c.b.p.c.security.JwtAccessDenied.handle - Unauthorized error: Access Denied
2026-05-26 18:25:10.321 [SpringApplicationShutdownHook] INFO  o.s.b.w.e.tomcat.GracefulShutdown.shutDownGracefully - Commencing graceful shutdown. Waiting for active requests to complete
2026-05-26 18:25:10.337 [tomcat-shutdown] INFO  o.s.b.w.e.tomcat.GracefulShutdown.doShutdown - Graceful shutdown complete
2026-05-26 18:25:10.341 [SpringApplicationShutdownHook] INFO  o.s.o.j.LocalContainerEntityManagerFactoryBean.destroy - Closing JPA EntityManagerFactory for persistence unit 'default'
2026-05-26 18:25:10.344 [SpringApplicationShutdownHook] INFO  com.zaxxer.hikari.HikariDataSource.close - HikariPool-1 - Shutdown initiated...
2026-05-26 18:25:10.346 [SpringApplicationShutdownHook] INFO  com.zaxxer.hikari.HikariDataSource.close - HikariPool-1 - Shutdown completed.
2026-05-26 18:26:49.210 [restartedMain] INFO  c.b.p.PocketTrackApplication.logStarting - Starting PocketTrackApplication v1.0.0 using Java 23.0.1 with PID 6652 (C:\Users\ivang\Desktop\Acceso_A_Datos\Acceso A Datos\SpringBoot\pocketTrack\target\classes started by ivang in C:\Users\ivang\Desktop\Acceso_A_Datos\Acceso A Datos\SpringBoot\pocketTrack)
2026-05-26 18:26:49.211 [restartedMain] INFO  c.b.p.PocketTrackApplication.logStartupProfileInfo - The following 1 profile is active: "dev"
2026-05-26 18:26:49.243 [restartedMain] INFO  o.s.b.d.e.DevToolsPropertyDefaultsPostProcessor.log - Devtools property defaults active! Set 'spring.devtools.add-properties' to 'false' to disable
2026-05-26 18:26:49.243 [restartedMain] INFO  o.s.b.d.e.DevToolsPropertyDefaultsPostProcessor.log - For additional web related logging consider setting the 'logging.level.web' property to 'DEBUG'
2026-05-26 18:26:49.852 [restartedMain] INFO  o.s.d.r.c.RepositoryConfigurationDelegate.registerRepositoriesIn - Bootstrapping Spring Data JPA repositories in DEFAULT mode.
2026-05-26 18:26:49.896 [restartedMain] INFO  o.s.d.r.c.RepositoryConfigurationDelegate.registerRepositoriesIn - Finished Spring Data repository scanning in 39 ms. Found 4 JPA repository interfaces.
2026-05-26 18:26:50.324 [restartedMain] INFO  o.s.b.w.e.tomcat.TomcatWebServer.initialize - Tomcat initialized with port 8080 (http)
2026-05-26 18:26:50.333 [restartedMain] INFO  o.a.catalina.core.StandardService.log - Starting service [Tomcat]
2026-05-26 18:26:50.333 [restartedMain] INFO  o.a.catalina.core.StandardEngine.log - Starting Servlet engine: [Apache Tomcat/10.1.48]
2026-05-26 18:26:50.365 [restartedMain] INFO  o.a.c.c.C.[Tomcat].[localhost].[/].log - Initializing Spring embedded WebApplicationContext
2026-05-26 18:26:50.365 [restartedMain] INFO  o.s.b.w.s.c.ServletWebServerApplicationContext.prepareWebApplicationContext - Root WebApplicationContext: initialization completed in 1122 ms
2026-05-26 18:26:50.452 [restartedMain] WARN  o.s.b.a.o.j.JpaBaseConfiguration$JpaWebConfiguration.openEntityManagerInViewInterceptor - spring.jpa.open-in-view is enabled by default. Therefore, database queries may be performed during view rendering. Explicitly configure spring.jpa.open-in-view to disable this warning
2026-05-26 18:26:50.581 [restartedMain] INFO  com.zaxxer.hikari.HikariDataSource.getConnection - HikariPool-1 - Starting...
2026-05-26 18:26:50.638 [restartedMain] INFO  com.zaxxer.hikari.pool.HikariPool.checkFailFast - HikariPool-1 - Added connection org.mariadb.jdbc.Connection@35a6f3eb
2026-05-26 18:26:50.640 [restartedMain] INFO  com.zaxxer.hikari.HikariDataSource.getConnection - HikariPool-1 - Start completed.
2026-05-26 18:26:50.657 [restartedMain] WARN  o.m.jdbc.message.server.ErrorPacket.warn - Error: 1193-HY000: Unknown system variable 'WSREP_ON'
2026-05-26 18:26:50.700 [restartedMain] INFO  org.flywaydb.core.FlywayExecutor.info - Database: jdbc:mariadb://localhost:3307/pocketTrack?user=Ivan&password=******** (MariaDB 10.11)
2026-05-26 18:26:50.720 [restartedMain] INFO  o.f.c.i.s.JdbcTableSchemaHistory.info - Repair of failed migration in Schema History table `pockettrack`.`flyway_schema_history` not necessary. No failed migration detected.
2026-05-26 18:26:50.728 [restartedMain] INFO  o.f.core.internal.command.DbRepair.info - Successfully repaired schema history table `pockettrack`.`flyway_schema_history` (execution time 00:00.015s).
2026-05-26 18:26:50.732 [restartedMain] WARN  o.m.jdbc.message.server.ErrorPacket.warn - Error: 1193-HY000: Unknown system variable 'WSREP_ON'
2026-05-26 18:26:50.767 [restartedMain] INFO  o.f.core.internal.command.DbValidate.info - Successfully validated 1 migration (execution time 00:00.002s)
2026-05-26 18:26:50.772 [restartedMain] INFO  o.f.core.internal.command.DbMigrate.info - Current version of schema `pockettrack`: 240520261903
2026-05-26 18:26:50.774 [restartedMain] INFO  o.f.core.internal.command.DbMigrate.info - Schema `pockettrack` is up to date. No migration necessary.
2026-05-26 18:26:50.778 [restartedMain] WARN  o.m.jdbc.message.server.ErrorPacket.warn - Error: 1193-HY000: Unknown system variable 'WSREP_ON'
2026-05-26 18:26:50.785 [restartedMain] INFO  o.f.core.internal.command.DbValidate.info - Successfully validated 1 migration (execution time 00:00.002s)
2026-05-26 18:26:50.788 [restartedMain] INFO  o.f.core.internal.command.DbMigrate.info - Current version of schema `pockettrack`: 240520261903
2026-05-26 18:26:50.789 [restartedMain] INFO  o.f.core.internal.command.DbMigrate.info - Schema `pockettrack` is up to date. No migration necessary.
2026-05-26 18:26:50.840 [restartedMain] INFO  o.h.jpa.internal.util.LogHelper.logPersistenceUnitInformation - HHH000204: Processing PersistenceUnitInfo [name: default]
2026-05-26 18:26:50.871 [restartedMain] INFO  org.hibernate.Version.logVersion - HHH000412: Hibernate ORM core version 6.6.33.Final
2026-05-26 18:26:50.894 [restartedMain] INFO  o.h.c.i.RegionFactoryInitiator.initiateService - HHH000026: Second-level cache disabled
2026-05-26 18:26:51.069 [restartedMain] INFO  o.s.o.j.p.SpringPersistenceUnitInfo.addTransformer - No LoadTimeWeaver setup: ignoring JPA class transformer
2026-05-26 18:26:51.117 [restartedMain] INFO  o.hibernate.orm.connections.pooling.logConnectionInfo - HHH10001005: Database info:
	Database JDBC URL [Connecting through datasource 'HikariDataSource (HikariPool-1)']
	Database driver: undefined/unknown
	Database version: 10.11.10
	Autocommit mode: undefined/unknown
	Isolation level: undefined/unknown
	Minimum pool size: undefined/unknown
	Maximum pool size: undefined/unknown
2026-05-26 18:26:51.758 [restartedMain] INFO  o.h.e.t.j.p.i.JtaPlatformInitiator.initiateService - HHH000489: No JTA platform available (set 'hibernate.transaction.jta.platform' to enable JTA platform integration)
2026-05-26 18:26:51.789 [restartedMain] INFO  o.s.o.j.LocalContainerEntityManagerFactoryBean.buildNativeEntityManagerFactory - Initialized JPA EntityManagerFactory for persistence unit 'default'
2026-05-26 18:26:52.028 [restartedMain] INFO  o.s.d.j.r.query.QueryEnhancerFactory.<clinit> - Hibernate is in classpath; If applicable, HQL parser will be used.
2026-05-26 18:26:52.612 [restartedMain] INFO  o.s.s.c.a.a.c.InitializeAuthenticationProviderBeanManagerConfigurer$InitializeAuthenticationProviderManagerConfigurer.configure - Global AuthenticationManager configured with AuthenticationProvider bean with name authenticationProvider
2026-05-26 18:26:52.612 [restartedMain] WARN  o.s.s.c.a.a.c.InitializeUserDetailsBeanManagerConfigurer$InitializeUserDetailsManagerConfigurer.configure - Global AuthenticationManager configured with an AuthenticationProvider bean. UserDetailsService beans will not be used by Spring Security for automatically configuring username/password login. Consider removing the AuthenticationProvider bean. Alternatively, consider using the UserDetailsService in a manually instantiated DaoAuthenticationProvider. If the current configuration is intentional, to turn off this warning, increase the logging level of 'org.springframework.security.config.annotation.authentication.configuration.InitializeUserDetailsBeanManagerConfigurer' to ERROR
2026-05-26 18:26:53.107 [restartedMain] INFO  o.s.b.d.a.OptionalLiveReloadServer.startServer - LiveReload server is running on port 35729
2026-05-26 18:26:53.138 [restartedMain] INFO  o.s.b.w.e.tomcat.TomcatWebServer.start - Tomcat started on port 8080 (http) with context path '/'
2026-05-26 18:26:53.144 [restartedMain] INFO  c.b.p.PocketTrackApplication.logStarted - Started PocketTrackApplication in 4.266 seconds (process running for 4.666)
2026-05-26 18:26:53.146 [restartedMain] WARN  o.s.c.events.SpringDocAppInitializer.init - SpringDoc /v3/api-docs endpoint is enabled by default. To disable it in production, set the property 'springdoc.api-docs.enabled=false'
2026-05-26 18:26:53.147 [restartedMain] WARN  o.s.c.events.SpringDocAppInitializer.init - SpringDoc /swagger-ui.html endpoint is enabled by default. To disable it in production, set the property 'springdoc.swagger-ui.enabled=false'
2026-05-26 18:27:04.358 [http-nio-8080-exec-1] INFO  o.a.c.c.C.[Tomcat].[localhost].[/].log - Initializing Spring DispatcherServlet 'dispatcherServlet'
2026-05-26 18:27:04.358 [http-nio-8080-exec-1] INFO  o.s.web.servlet.DispatcherServlet.initServletBean - Initializing Servlet 'dispatcherServlet'
2026-05-26 18:27:04.361 [http-nio-8080-exec-1] INFO  o.s.web.servlet.DispatcherServlet.initServletBean - Completed initialization in 2 ms
2026-05-26 18:27:20.163 [http-nio-8080-exec-3] ERROR c.b.p.c.security.JwtAccessDenied.handle - Unauthorized error: Access Denied
2026-05-26 18:28:20.292 [http-nio-8080-exec-4] INFO  c.b.p.controller.PocketController.crearCuenta - Cuenta creada
2026-05-26 18:28:47.927 [http-nio-8080-exec-8] INFO  c.b.p.controller.PocketController.crearCuenta - Cuenta creada
2026-05-26 18:30:11.338 [http-nio-8080-exec-10] ERROR c.b.p.c.security.JwtAccessDenied.handle - Unauthorized error: Access Denied
2026-05-26 18:30:24.877 [http-nio-8080-exec-6] INFO  o.s.api.AbstractOpenApiResource.getOpenApi - Init duration for springdoc-openapi is: 1661 ms
2026-05-26 18:31:06.227 [http-nio-8080-exec-7] ERROR c.b.p.c.security.JwtAccessDenied.handle - Unauthorized error: Access Denied
2026-05-26 18:31:52.431 [SpringApplicationShutdownHook] INFO  o.s.b.w.e.tomcat.GracefulShutdown.shutDownGracefully - Commencing graceful shutdown. Waiting for active requests to complete
2026-05-26 18:31:52.447 [tomcat-shutdown] INFO  o.s.b.w.e.tomcat.GracefulShutdown.doShutdown - Graceful shutdown complete
2026-05-26 18:31:52.452 [SpringApplicationShutdownHook] INFO  o.s.o.j.LocalContainerEntityManagerFactoryBean.destroy - Closing JPA EntityManagerFactory for persistence unit 'default'
2026-05-26 18:31:52.455 [SpringApplicationShutdownHook] INFO  com.zaxxer.hikari.HikariDataSource.close - HikariPool-1 - Shutdown initiated...
2026-05-26 18:31:52.457 [SpringApplicationShutdownHook] INFO  com.zaxxer.hikari.HikariDataSource.close - HikariPool-1 - Shutdown completed.
2026-05-26 18:33:11.478 [restartedMain] INFO  c.b.p.PocketTrackApplication.logStarting - Starting PocketTrackApplication v1.0.0 using Java 23.0.1 with PID 3448 (C:\Users\ivang\Desktop\Acceso_A_Datos\Acceso A Datos\SpringBoot\pocketTrack\target\classes started by ivang in C:\Users\ivang\Desktop\Acceso_A_Datos\Acceso A Datos\SpringBoot\pocketTrack)
2026-05-26 18:33:11.480 [restartedMain] INFO  c.b.p.PocketTrackApplication.logStartupProfileInfo - The following 1 profile is active: "dev"
2026-05-26 18:33:11.522 [restartedMain] INFO  o.s.b.d.e.DevToolsPropertyDefaultsPostProcessor.log - Devtools property defaults active! Set 'spring.devtools.add-properties' to 'false' to disable
2026-05-26 18:33:11.522 [restartedMain] INFO  o.s.b.d.e.DevToolsPropertyDefaultsPostProcessor.log - For additional web related logging consider setting the 'logging.level.web' property to 'DEBUG'
2026-05-26 18:33:12.159 [restartedMain] INFO  o.s.d.r.c.RepositoryConfigurationDelegate.registerRepositoriesIn - Bootstrapping Spring Data JPA repositories in DEFAULT mode.
2026-05-26 18:33:12.206 [restartedMain] INFO  o.s.d.r.c.RepositoryConfigurationDelegate.registerRepositoriesIn - Finished Spring Data repository scanning in 40 ms. Found 4 JPA repository interfaces.
2026-05-26 18:33:12.629 [restartedMain] INFO  o.s.b.w.e.tomcat.TomcatWebServer.initialize - Tomcat initialized with port 8080 (http)
2026-05-26 18:33:12.638 [restartedMain] INFO  o.a.catalina.core.StandardService.log - Starting service [Tomcat]
2026-05-26 18:33:12.639 [restartedMain] INFO  o.a.catalina.core.StandardEngine.log - Starting Servlet engine: [Apache Tomcat/10.1.48]
2026-05-26 18:33:12.671 [restartedMain] INFO  o.a.c.c.C.[Tomcat].[localhost].[/].log - Initializing Spring embedded WebApplicationContext
2026-05-26 18:33:12.672 [restartedMain] INFO  o.s.b.w.s.c.ServletWebServerApplicationContext.prepareWebApplicationContext - Root WebApplicationContext: initialization completed in 1149 ms
2026-05-26 18:33:12.761 [restartedMain] WARN  o.s.b.a.o.j.JpaBaseConfiguration$JpaWebConfiguration.openEntityManagerInViewInterceptor - spring.jpa.open-in-view is enabled by default. Therefore, database queries may be performed during view rendering. Explicitly configure spring.jpa.open-in-view to disable this warning
2026-05-26 18:33:12.888 [restartedMain] INFO  com.zaxxer.hikari.HikariDataSource.getConnection - HikariPool-1 - Starting...
2026-05-26 18:33:12.945 [restartedMain] INFO  com.zaxxer.hikari.pool.HikariPool.checkFailFast - HikariPool-1 - Added connection org.mariadb.jdbc.Connection@51e94f
2026-05-26 18:33:12.946 [restartedMain] INFO  com.zaxxer.hikari.HikariDataSource.getConnection - HikariPool-1 - Start completed.
2026-05-26 18:33:12.963 [restartedMain] WARN  o.m.jdbc.message.server.ErrorPacket.warn - Error: 1193-HY000: Unknown system variable 'WSREP_ON'
2026-05-26 18:33:12.982 [restartedMain] INFO  org.flywaydb.core.FlywayExecutor.info - Database: jdbc:mariadb://localhost:3307/pocketTrack?user=Ivan&password=******** (MariaDB 10.11)
2026-05-26 18:33:13.005 [restartedMain] INFO  o.f.c.i.s.JdbcTableSchemaHistory.info - Repair of failed migration in Schema History table `pockettrack`.`flyway_schema_history` not necessary. No failed migration detected.
2026-05-26 18:33:13.013 [restartedMain] INFO  o.f.core.internal.command.DbRepair.info - Successfully repaired schema history table `pockettrack`.`flyway_schema_history` (execution time 00:00.016s).
2026-05-26 18:33:13.018 [restartedMain] WARN  o.m.jdbc.message.server.ErrorPacket.warn - Error: 1193-HY000: Unknown system variable 'WSREP_ON'
2026-05-26 18:33:13.031 [restartedMain] INFO  o.f.core.internal.command.DbValidate.info - Successfully validated 1 migration (execution time 00:00.002s)
2026-05-26 18:33:13.038 [restartedMain] INFO  o.f.core.internal.command.DbMigrate.info - Current version of schema `pockettrack`: 240520261903
2026-05-26 18:33:13.039 [restartedMain] INFO  o.f.core.internal.command.DbMigrate.info - Schema `pockettrack` is up to date. No migration necessary.
2026-05-26 18:33:13.043 [restartedMain] WARN  o.m.jdbc.message.server.ErrorPacket.warn - Error: 1193-HY000: Unknown system variable 'WSREP_ON'
2026-05-26 18:33:13.050 [restartedMain] INFO  o.f.core.internal.command.DbValidate.info - Successfully validated 1 migration (execution time 00:00.002s)
2026-05-26 18:33:13.053 [restartedMain] INFO  o.f.core.internal.command.DbMigrate.info - Current version of schema `pockettrack`: 240520261903
2026-05-26 18:33:13.053 [restartedMain] INFO  o.f.core.internal.command.DbMigrate.info - Schema `pockettrack` is up to date. No migration necessary.
2026-05-26 18:33:13.102 [restartedMain] INFO  o.h.jpa.internal.util.LogHelper.logPersistenceUnitInformation - HHH000204: Processing PersistenceUnitInfo [name: default]
2026-05-26 18:33:13.138 [restartedMain] INFO  org.hibernate.Version.logVersion - HHH000412: Hibernate ORM core version 6.6.33.Final
2026-05-26 18:33:13.161 [restartedMain] INFO  o.h.c.i.RegionFactoryInitiator.initiateService - HHH000026: Second-level cache disabled
2026-05-26 18:33:13.341 [restartedMain] INFO  o.s.o.j.p.SpringPersistenceUnitInfo.addTransformer - No LoadTimeWeaver setup: ignoring JPA class transformer
2026-05-26 18:33:13.387 [restartedMain] INFO  o.hibernate.orm.connections.pooling.logConnectionInfo - HHH10001005: Database info:
	Database JDBC URL [Connecting through datasource 'HikariDataSource (HikariPool-1)']
	Database driver: undefined/unknown
	Database version: 10.11.10
	Autocommit mode: undefined/unknown
	Isolation level: undefined/unknown
	Minimum pool size: undefined/unknown
	Maximum pool size: undefined/unknown
2026-05-26 18:33:14.025 [restartedMain] INFO  o.h.e.t.j.p.i.JtaPlatformInitiator.initiateService - HHH000489: No JTA platform available (set 'hibernate.transaction.jta.platform' to enable JTA platform integration)
2026-05-26 18:33:14.058 [restartedMain] INFO  o.s.o.j.LocalContainerEntityManagerFactoryBean.buildNativeEntityManagerFactory - Initialized JPA EntityManagerFactory for persistence unit 'default'
2026-05-26 18:33:14.343 [restartedMain] INFO  o.s.d.j.r.query.QueryEnhancerFactory.<clinit> - Hibernate is in classpath; If applicable, HQL parser will be used.
2026-05-26 18:33:14.887 [restartedMain] INFO  o.s.s.c.a.a.c.InitializeAuthenticationProviderBeanManagerConfigurer$InitializeAuthenticationProviderManagerConfigurer.configure - Global AuthenticationManager configured with AuthenticationProvider bean with name authenticationProvider
2026-05-26 18:33:14.887 [restartedMain] WARN  o.s.s.c.a.a.c.InitializeUserDetailsBeanManagerConfigurer$InitializeUserDetailsManagerConfigurer.configure - Global AuthenticationManager configured with an AuthenticationProvider bean. UserDetailsService beans will not be used by Spring Security for automatically configuring username/password login. Consider removing the AuthenticationProvider bean. Alternatively, consider using the UserDetailsService in a manually instantiated DaoAuthenticationProvider. If the current configuration is intentional, to turn off this warning, increase the logging level of 'org.springframework.security.config.annotation.authentication.configuration.InitializeUserDetailsBeanManagerConfigurer' to ERROR
2026-05-26 18:33:15.386 [restartedMain] INFO  o.s.b.d.a.OptionalLiveReloadServer.startServer - LiveReload server is running on port 35729
2026-05-26 18:33:15.415 [restartedMain] INFO  o.s.b.w.e.tomcat.TomcatWebServer.start - Tomcat started on port 8080 (http) with context path '/'
2026-05-26 18:33:15.421 [restartedMain] INFO  c.b.p.PocketTrackApplication.logStarted - Started PocketTrackApplication in 4.28 seconds (process running for 4.697)
2026-05-26 18:33:15.423 [restartedMain] WARN  o.s.c.events.SpringDocAppInitializer.init - SpringDoc /v3/api-docs endpoint is enabled by default. To disable it in production, set the property 'springdoc.api-docs.enabled=false'
2026-05-26 18:33:15.424 [restartedMain] WARN  o.s.c.events.SpringDocAppInitializer.init - SpringDoc /swagger-ui.html endpoint is enabled by default. To disable it in production, set the property 'springdoc.swagger-ui.enabled=false'
2026-05-26 18:33:20.833 [http-nio-8080-exec-1] INFO  o.a.c.c.C.[Tomcat].[localhost].[/].log - Initializing Spring DispatcherServlet 'dispatcherServlet'
2026-05-26 18:33:20.834 [http-nio-8080-exec-1] INFO  o.s.web.servlet.DispatcherServlet.initServletBean - Initializing Servlet 'dispatcherServlet'
2026-05-26 18:33:20.837 [http-nio-8080-exec-1] INFO  o.s.web.servlet.DispatcherServlet.initServletBean - Completed initialization in 2 ms
2026-05-26 18:35:43.811 [SpringApplicationShutdownHook] INFO  o.s.b.w.e.tomcat.GracefulShutdown.shutDownGracefully - Commencing graceful shutdown. Waiting for active requests to complete
2026-05-26 18:35:43.827 [tomcat-shutdown] INFO  o.s.b.w.e.tomcat.GracefulShutdown.doShutdown - Graceful shutdown complete
2026-05-26 18:35:43.831 [SpringApplicationShutdownHook] INFO  o.s.o.j.LocalContainerEntityManagerFactoryBean.destroy - Closing JPA EntityManagerFactory for persistence unit 'default'
2026-05-26 18:35:43.833 [SpringApplicationShutdownHook] INFO  com.zaxxer.hikari.HikariDataSource.close - HikariPool-1 - Shutdown initiated...
2026-05-26 18:35:43.835 [SpringApplicationShutdownHook] INFO  com.zaxxer.hikari.HikariDataSource.close - HikariPool-1 - Shutdown completed.
2026-05-26 18:56:04.966 [restartedMain] INFO  c.b.p.PocketTrackApplication.logStarting - Starting PocketTrackApplication v1.0.0 using Java 23.0.1 with PID 15144 (C:\Users\ivang\Desktop\Acceso_A_Datos\Acceso A Datos\SpringBoot\pocketTrack\target\classes started by ivang in C:\Users\ivang\Desktop\Acceso_A_Datos\Acceso A Datos\SpringBoot\pocketTrack)
2026-05-26 18:56:04.968 [restartedMain] INFO  c.b.p.PocketTrackApplication.logStartupProfileInfo - The following 1 profile is active: "dev"
2026-05-26 18:56:05.004 [restartedMain] INFO  o.s.b.d.e.DevToolsPropertyDefaultsPostProcessor.log - Devtools property defaults active! Set 'spring.devtools.add-properties' to 'false' to disable
2026-05-26 18:56:05.004 [restartedMain] INFO  o.s.b.d.e.DevToolsPropertyDefaultsPostProcessor.log - For additional web related logging consider setting the 'logging.level.web' property to 'DEBUG'
2026-05-26 18:56:05.828 [restartedMain] INFO  o.s.d.r.c.RepositoryConfigurationDelegate.registerRepositoriesIn - Bootstrapping Spring Data JPA repositories in DEFAULT mode.
2026-05-26 18:56:05.885 [restartedMain] INFO  o.s.d.r.c.RepositoryConfigurationDelegate.registerRepositoriesIn - Finished Spring Data repository scanning in 50 ms. Found 4 JPA repository interfaces.
2026-05-26 18:56:06.587 [restartedMain] INFO  o.s.b.w.e.tomcat.TomcatWebServer.initialize - Tomcat initialized with port 8080 (http)
2026-05-26 18:56:06.613 [restartedMain] INFO  o.a.catalina.core.StandardService.log - Starting service [Tomcat]
2026-05-26 18:56:06.614 [restartedMain] INFO  o.a.catalina.core.StandardEngine.log - Starting Servlet engine: [Apache Tomcat/10.1.48]
2026-05-26 18:56:06.746 [restartedMain] INFO  o.a.c.c.C.[Tomcat].[localhost].[/].log - Initializing Spring embedded WebApplicationContext
2026-05-26 18:56:06.748 [restartedMain] INFO  o.s.b.w.s.c.ServletWebServerApplicationContext.prepareWebApplicationContext - Root WebApplicationContext: initialization completed in 1743 ms
2026-05-26 18:56:07.571 [restartedMain] WARN  o.s.b.a.o.j.JpaBaseConfiguration$JpaWebConfiguration.openEntityManagerInViewInterceptor - spring.jpa.open-in-view is enabled by default. Therefore, database queries may be performed during view rendering. Explicitly configure spring.jpa.open-in-view to disable this warning
2026-05-26 18:56:08.184 [restartedMain] INFO  com.zaxxer.hikari.HikariDataSource.getConnection - HikariPool-1 - Starting...
2026-05-26 18:56:08.428 [restartedMain] INFO  com.zaxxer.hikari.pool.HikariPool.checkFailFast - HikariPool-1 - Added connection org.mariadb.jdbc.Connection@2749affa
2026-05-26 18:56:08.432 [restartedMain] INFO  com.zaxxer.hikari.HikariDataSource.getConnection - HikariPool-1 - Start completed.
2026-05-26 18:56:08.521 [restartedMain] WARN  o.m.jdbc.message.server.ErrorPacket.warn - Error: 1193-HY000: Unknown system variable 'WSREP_ON'
2026-05-26 18:56:08.583 [restartedMain] INFO  org.flywaydb.core.FlywayExecutor.info - Database: jdbc:mariadb://localhost:3307/pocketTrack?user=Ivan&password=******** (MariaDB 10.11)
2026-05-26 18:56:08.756 [restartedMain] INFO  o.f.c.i.s.JdbcTableSchemaHistory.info - Repair of failed migration in Schema History table `pockettrack`.`flyway_schema_history` not necessary. No failed migration detected.
2026-05-26 18:56:08.786 [restartedMain] INFO  o.f.core.internal.command.DbRepair.info - Successfully repaired schema history table `pockettrack`.`flyway_schema_history` (execution time 00:00.089s).
2026-05-26 18:56:08.803 [restartedMain] WARN  o.m.jdbc.message.server.ErrorPacket.warn - Error: 1193-HY000: Unknown system variable 'WSREP_ON'
2026-05-26 18:56:08.849 [restartedMain] INFO  o.f.core.internal.command.DbValidate.info - Successfully validated 1 migration (execution time 00:00.011s)
2026-05-26 18:56:08.862 [restartedMain] INFO  o.f.core.internal.command.DbMigrate.info - Current version of schema `pockettrack`: 240520261903
2026-05-26 18:56:08.884 [restartedMain] INFO  o.f.core.internal.command.DbMigrate.info - Schema `pockettrack` is up to date. No migration necessary.
2026-05-26 18:56:08.920 [restartedMain] WARN  o.m.jdbc.message.server.ErrorPacket.warn - Error: 1193-HY000: Unknown system variable 'WSREP_ON'
2026-05-26 18:56:08.949 [restartedMain] INFO  o.f.core.internal.command.DbValidate.info - Successfully validated 1 migration (execution time 00:00.008s)
2026-05-26 18:56:08.959 [restartedMain] INFO  o.f.core.internal.command.DbMigrate.info - Current version of schema `pockettrack`: 240520261903
2026-05-26 18:56:08.960 [restartedMain] INFO  o.f.core.internal.command.DbMigrate.info - Schema `pockettrack` is up to date. No migration necessary.
2026-05-26 18:56:09.232 [restartedMain] INFO  o.h.jpa.internal.util.LogHelper.logPersistenceUnitInformation - HHH000204: Processing PersistenceUnitInfo [name: default]
2026-05-26 18:56:09.422 [restartedMain] INFO  org.hibernate.Version.logVersion - HHH000412: Hibernate ORM core version 6.6.33.Final
2026-05-26 18:56:09.519 [restartedMain] INFO  o.h.c.i.RegionFactoryInitiator.initiateService - HHH000026: Second-level cache disabled
2026-05-26 18:56:10.696 [restartedMain] INFO  o.s.o.j.p.SpringPersistenceUnitInfo.addTransformer - No LoadTimeWeaver setup: ignoring JPA class transformer
2026-05-26 18:56:10.839 [restartedMain] INFO  o.hibernate.orm.connections.pooling.logConnectionInfo - HHH10001005: Database info:
	Database JDBC URL [Connecting through datasource 'HikariDataSource (HikariPool-1)']
	Database driver: undefined/unknown
	Database version: 10.11.10
	Autocommit mode: undefined/unknown
	Isolation level: undefined/unknown
	Minimum pool size: undefined/unknown
	Maximum pool size: undefined/unknown
2026-05-26 18:56:14.503 [restartedMain] INFO  o.h.e.t.j.p.i.JtaPlatformInitiator.initiateService - HHH000489: No JTA platform available (set 'hibernate.transaction.jta.platform' to enable JTA platform integration)
2026-05-26 18:56:14.604 [restartedMain] INFO  o.s.o.j.LocalContainerEntityManagerFactoryBean.buildNativeEntityManagerFactory - Initialized JPA EntityManagerFactory for persistence unit 'default'
2026-05-26 18:56:16.228 [restartedMain] INFO  o.s.d.j.r.query.QueryEnhancerFactory.<clinit> - Hibernate is in classpath; If applicable, HQL parser will be used.
2026-05-26 18:56:19.364 [restartedMain] INFO  o.s.s.c.a.a.c.InitializeAuthenticationProviderBeanManagerConfigurer$InitializeAuthenticationProviderManagerConfigurer.configure - Global AuthenticationManager configured with AuthenticationProvider bean with name authenticationProvider
2026-05-26 18:56:19.365 [restartedMain] WARN  o.s.s.c.a.a.c.InitializeUserDetailsBeanManagerConfigurer$InitializeUserDetailsManagerConfigurer.configure - Global AuthenticationManager configured with an AuthenticationProvider bean. UserDetailsService beans will not be used by Spring Security for automatically configuring username/password login. Consider removing the AuthenticationProvider bean. Alternatively, consider using the UserDetailsService in a manually instantiated DaoAuthenticationProvider. If the current configuration is intentional, to turn off this warning, increase the logging level of 'org.springframework.security.config.annotation.authentication.configuration.InitializeUserDetailsBeanManagerConfigurer' to ERROR
2026-05-26 18:56:21.667 [restartedMain] INFO  o.s.b.d.a.OptionalLiveReloadServer.startServer - LiveReload server is running on port 35729
2026-05-26 18:56:21.846 [restartedMain] INFO  o.s.b.w.e.tomcat.TomcatWebServer.start - Tomcat started on port 8080 (http) with context path '/'
2026-05-26 18:56:21.870 [restartedMain] INFO  c.b.p.PocketTrackApplication.logStarted - Started PocketTrackApplication in 17.333 seconds (process running for 18.609)
2026-05-26 18:56:21.875 [restartedMain] WARN  o.s.c.events.SpringDocAppInitializer.init - SpringDoc /v3/api-docs endpoint is enabled by default. To disable it in production, set the property 'springdoc.api-docs.enabled=false'
2026-05-26 18:56:21.875 [restartedMain] WARN  o.s.c.events.SpringDocAppInitializer.init - SpringDoc /swagger-ui.html endpoint is enabled by default. To disable it in production, set the property 'springdoc.swagger-ui.enabled=false'
2026-05-26 18:57:08.547 [http-nio-8080-exec-1] INFO  o.a.c.c.C.[Tomcat].[localhost].[/].log - Initializing Spring DispatcherServlet 'dispatcherServlet'
2026-05-26 18:57:08.548 [http-nio-8080-exec-1] INFO  o.s.web.servlet.DispatcherServlet.initServletBean - Initializing Servlet 'dispatcherServlet'
2026-05-26 18:57:08.552 [http-nio-8080-exec-1] INFO  o.s.web.servlet.DispatcherServlet.initServletBean - Completed initialization in 3 ms
2026-05-26 18:57:10.498 [http-nio-8080-exec-4] INFO  o.s.api.AbstractOpenApiResource.getOpenApi - Init duration for springdoc-openapi is: 1570 ms
2026-05-26 18:57:58.898 [http-nio-8080-exec-7] ERROR c.b.p.c.security.JwtAccessDenied.handle - Unauthorized error: Access Denied
2026-05-26 18:58:13.902 [SpringApplicationShutdownHook] INFO  o.s.b.w.e.tomcat.GracefulShutdown.shutDownGracefully - Commencing graceful shutdown. Waiting for active requests to complete
2026-05-26 18:58:13.916 [tomcat-shutdown] INFO  o.s.b.w.e.tomcat.GracefulShutdown.doShutdown - Graceful shutdown complete
2026-05-26 18:58:13.924 [SpringApplicationShutdownHook] INFO  o.s.o.j.LocalContainerEntityManagerFactoryBean.destroy - Closing JPA EntityManagerFactory for persistence unit 'default'
2026-05-26 18:58:13.926 [SpringApplicationShutdownHook] INFO  com.zaxxer.hikari.HikariDataSource.close - HikariPool-1 - Shutdown initiated...
2026-05-26 18:58:13.928 [SpringApplicationShutdownHook] INFO  com.zaxxer.hikari.HikariDataSource.close - HikariPool-1 - Shutdown completed.
